SF:common.lua
DA:1,1
DA:2,1
DA:3,1
DA:4,1
DA:5,1
DA:6,1
DA:10,2
DA:11,0
DA:12,0
DA:13,0
DA:14,0
DA:15,0
DA:16,0
DA:17,0
DA:19,0
DA:20,0
DA:23,0
DA:26,2
DA:27,0
LH:8
LF:19
end_of_record
SF:controller.lua
DA:14,1
DA:19,2
DA:24,1
DA:25,0
DA:28,6
DA:29,5
DA:30,5
DA:31,5
DA:34,1
DA:36,1
DA:38,1
DA:42,0
DA:43,0
DA:44,0
DA:45,0
DA:47,0
DA:51,2
DA:52,0
DA:53,0
DA:62,1
DA:63,0
DA:64,0
DA:65,0
DA:66,0
DA:67,0
DA:76,1
DA:80,0
DA:81,0
DA:82,0
DA:83,0
DA:84,0
DA:91,0
DA:92,0
DA:93,0
DA:95,0
DA:102,0
DA:108,0
DA:111,0
DA:112,0
DA:117,0
DA:120,0
DA:121,0
DA:122,0
DA:123,0
DA:125,0
DA:126,0
DA:127,0
DA:129,0
DA:130,0
DA:132,0
DA:133,0
DA:139,0
DA:141,0
DA:145,0
DA:147,0
DA:148,0
DA:151,0
DA:153,0
DA:154,0
DA:155,0
DA:157,0
DA:161,0
DA:181,1
DA:183,0
DA:184,0
DA:185,0
DA:186,0
DA:189,0
DA:193,0
DA:194,0
DA:195,0
DA:196,0
DA:199,0
DA:203,0
DA:204,0
DA:205,0
DA:207,0
DA:208,0
DA:209,0
DA:210,0
DA:211,0
DA:212,0
DA:214,0
DA:216,0
DA:217,0
DA:218,0
DA:220,0
DA:225,1
DA:228,0
DA:229,0
DA:230,0
DA:231,0
DA:233,0
DA:234,0
DA:235,0
DA:242,1
DA:245,0
DA:246,0
DA:247,0
DA:250,0
DA:252,0
DA:253,0
DA:254,0
DA:255,0
DA:256,0
DA:258,0
DA:261,0
DA:267,2
DA:268,1
DA:269,1
DA:270,1
DA:271,1
DA:274,0
DA:275,0
DA:276,0
DA:277,0
DA:279,0
DA:280,0
DA:281,0
DA:285,0
DA:287,0
DA:288,0
DA:292,0
DA:293,0
DA:294,0
DA:297,0
DA:298,0
DA:299,0
DA:302,0
DA:303,0
DA:305,0
DA:311,1
DA:312,1
DA:313,5
DA:314,1
DA:318,1
DA:322,1
DA:323,2
DA:324,1
DA:325,1
DA:326,1
DA:327,2
DA:328,2
DA:329,1
DA:330,2
DA:331,3
DA:332,3
DA:333,3
DA:334,2
DA:335,1
DA:338,14
DA:339,13
DA:342,3
DA:344,1
DA:352,2
DA:357,0
DA:358,0
DA:360,0
DA:361,0
DA:362,0
DA:364,0
DA:365,0
DA:366,0
DA:374,2
DA:375,2
DA:378,1
DA:381,1
DA:383,0
DA:384,0
DA:388,1
DA:391,2
DA:392,1
DA:393,1
DA:450,1
DA:453,0
DA:454,0
DA:455,0
DA:456,0
DA:460,0
DA:461,0
DA:462,0
DA:466,0
DA:467,0
DA:471,3
DA:472,3
DA:473,3
DA:474,3
DA:475,3
DA:479,3
DA:480,3
DA:481,3
DA:485,2
DA:486,2
DA:487,0
DA:489,1
DA:490,1
DA:491,1
DA:494,0
DA:495,0
DA:496,0
DA:497,0
DA:499,0
DA:503,0
DA:507,1
DA:511,0
DA:512,0
DA:513,0
DA:514,0
DA:515,0
DA:516,0
DA:517,0
DA:518,0
DA:519,0
DA:520,0
DA:522,0
DA:523,0
DA:524,0
DA:525,0
DA:528,0
DA:529,0
DA:530,0
DA:532,0
DA:534,0
DA:538,0
DA:539,0
DA:541,0
DA:542,0
DA:554,2
DA:556,0
DA:557,0
DA:558,0
DA:561,2
DA:562,0
DA:564,0
DA:565,0
DA:567,0
DA:576,1
DA:577,1
DA:579,1
DA:581,1
DA:582,1
DA:583,1
DA:584,1
DA:585,1
DA:588,1
DA:590,1
DA:593,1
DA:594,1
DA:595,1
DA:597,0
DA:598,0
DA:600,1
DA:603,2
DA:604,0
DA:605,0
DA:608,2
DA:609,1
DA:610,1
DA:611,1
DA:614,3
DA:615,6
DA:616,12
DA:617,24
DA:618,16
DA:619,16
DA:620,16
DA:621,16
DA:622,8
DA:624,16
DA:625,8
DA:627,16
DA:628,8
DA:630,16
DA:631,8
DA:635,16
DA:636,15
DA:638,1
DA:641,16
DA:642,16
DA:643,16
DA:644,16
DA:645,16
DA:646,16
DA:648,16
DA:649,16
DA:650,16
DA:651,16
DA:653,16
DA:654,16
DA:655,16
DA:657,0
DA:658,0
DA:660,16
DA:661,16
DA:662,16
DA:663,16
DA:664,16
DA:665,16
DA:666,16
DA:667,16
DA:668,16
DA:671,32
DA:674,16
DA:675,16
DA:681,16
DA:682,16
DA:685,16
DA:686,16
DA:688,16
DA:689,16
DA:690,16
DA:691,16
DA:692,16
DA:693,16
DA:694,16
DA:697,16
DA:698,16
DA:699,16
DA:700,16
DA:701,16
DA:702,16
DA:704,0
DA:705,0
DA:708,16
DA:709,16
DA:720,2
DA:722,1
DA:729,1
DA:733,1
DA:735,1
DA:736,1
DA:738,1
DA:739,1
DA:740,1
DA:741,1
DA:742,1
DA:743,1
DA:744,1
DA:745,1
DA:746,1
DA:748,0
DA:750,1
DA:751,1
DA:752,1
DA:760,2
DA:761,1
DA:762,1
DA:763,1
DA:764,1
DA:765,1
DA:766,1
DA:767,1
LH:177
LF:352
end_of_record
SF:docmanager.lua
DA:3,1
DA:7,1
DA:9,2
DA:11,1
DA:12,5
DA:13,4
DA:15,1
DA:18,2
DA:19,0
DA:20,0
DA:21,0
DA:22,0
DA:23,0
DA:24,0
DA:26,0
DA:27,0
DA:28,0
DA:31,1
DA:35,0
DA:38,5
DA:39,4
DA:40,4
DA:41,4
DA:46,1
DA:48,1
DA:50,2
DA:51,0
DA:52,0
DA:53,0
DA:54,0
DA:55,0
DA:56,0
DA:58,0
DA:59,0
DA:60,0
DA:63,1
DA:73,1
DA:83,8
DA:84,7
DA:85,7
DA:86,7
DA:87,7
DA:88,7
LH:24
LF:43
end_of_record
SF:init.lua
DA:1,1
DA:2,0
DA:3,1
DA:5,1
DA:7,1
DA:8,1
DA:9,1
DA:10,1
DA:11,1
DA:12,1
DA:13,1
DA:14,2
DA:15,1
LH:12
LF:13
end_of_record
SF:libraries.lua
DA:7,1
DA:10,2
DA:12,0
DA:13,0
DA:14,0
DA:15,0
LH:2
LF:6
end_of_record
SF:port_states.lua
DA:6,2
DA:7,0
DA:8,0
DA:9,0
DA:10,0
DA:12,0
DA:13,0
DA:14,0
DA:15,0
DA:16,0
DA:19,0
DA:20,0
DA:21,0
DA:22,0
DA:23,0
DA:26,0
DA:27,0
DA:29,0
DA:30,0
DA:31,0
DA:32,0
DA:33,0
DA:34,0
DA:37,1
DA:39,2
DA:41,1
DA:42,1
DA:43,1
DA:44,5
DA:45,4
DA:46,4
DA:48,1
DA:51,2
DA:52,1
DA:53,1
DA:54,1
DA:55,1
DA:56,1
DA:57,1
DA:61,1
DA:62,1
DA:63,1
DA:64,1
DA:65,1
DA:70,0
DA:71,0
DA:73,0
DA:79,1
DA:80,1
DA:81,1
DA:82,1
DA:86,2
DA:87,1
DA:88,1
DA:89,1
DA:90,1
DA:91,1
DA:93,1
DA:103,0
DA:104,0
DA:105,0
DA:106,0
DA:107,0
DA:108,0
DA:109,0
DA:111,0
DA:113,0
DA:114,0
DA:115,0
DA:116,0
LH:33
LF:70
end_of_record
SF:support.lua
DA:7,2
DA:8,0
DA:10,0
DA:12,0
DA:23,0
DA:24,0
DA:28,0
DA:29,0
DA:30,0
DA:31,0
DA:32,0
DA:33,0
DA:39,0
DA:40,0
DA:70,2
DA:72,0
DA:73,0
DA:75,0
DA:76,0
DA:77,0
DA:78,0
DA:81,0
DA:83,0
DA:84,0
DA:87,0
DA:92,0
DA:93,0
DA:94,0
DA:95,0
DA:96,0
DA:104,2
DA:133,0
DA:144,0
DA:147,0
DA:150,0
DA:153,0
DA:154,0
DA:155,0
DA:157,0
DA:159,0
DA:161,0
DA:167,0
DA:168,0
DA:169,0
DA:170,0
DA:173,0
DA:174,0
DA:177,0
DA:180,0
DA:186,0
DA:188,0
DA:189,0
DA:190,0
DA:192,0
DA:196,0
DA:197,0
DA:200,0
LH:3
LF:57
end_of_record
SF:ui.lua
DA:5,2
DA:6,3
DA:7,3
DA:8,3
DA:9,3
DA:10,3
DA:13,3
DA:14,3
DA:15,3
DA:16,3
DA:18,0
DA:19,3
DA:20,3
DA:21,3
DA:22,3
DA:23,3
DA:24,3
DA:26,3
DA:28,3
DA:29,3
DA:30,3
DA:31,0
DA:33,0
DA:34,0
DA:35,0
DA:36,0
DA:37,0
DA:38,0
DA:39,0
DA:41,0
DA:42,0
DA:44,0
DA:45,0
DA:48,3
DA:51,2
DA:52,0
DA:53,0
DA:54,0
DA:55,0
DA:57,0
DA:58,0
DA:59,0
DA:61,0
DA:62,0
DA:64,0
DA:65,0
DA:66,0
DA:67,0
DA:69,0
DA:70,0
DA:71,0
DA:73,0
DA:74,0
DA:75,0
DA:76,0
DA:77,0
DA:79,0
DA:80,0
DA:81,0
DA:82,0
DA:84,0
DA:85,0
DA:87,0
DA:88,0
DA:89,0
DA:90,0
DA:91,0
DA:94,0
DA:96,0
DA:97,0
DA:98,0
DA:99,0
DA:100,0
DA:102,0
DA:103,0
DA:104,0
DA:105,0
DA:106,0
DA:108,0
DA:109,0
DA:110,0
DA:111,0
DA:112,0
DA:113,0
LH:22
LF:84
end_of_record
