SF:common.lua
DA:1,1
DA:2,1
DA:3,1
DA:4,1
DA:5,1
DA:6,1
DA:10,2
DA:11,0
DA:12,0
DA:13,0
DA:14,0
DA:15,0
DA:16,0
DA:17,0
DA:19,0
DA:20,0
DA:23,0
DA:26,2
DA:27,0
LH:8
LF:19
end_of_record
SF:controller.lua
DA:31,1
DA:38,5
DA:39,4
DA:40,4
DA:41,4
DA:44,1
DA:46,1
DA:50,0
DA:51,0
DA:52,0
DA:53,0
DA:55,0
DA:59,0
DA:60,0
DA:61,0
DA:70,0
DA:71,0
DA:72,0
DA:73,0
DA:74,0
DA:75,0
DA:85,0
DA:86,0
DA:87,0
DA:88,0
DA:89,0
DA:95,0
DA:96,0
DA:97,0
DA:98,0
DA:99,0
DA:100,0
DA:102,0
DA:104,0
DA:110,0
DA:116,0
DA:118,0
DA:119,0
DA:124,0
DA:127,0
DA:128,0
DA:129,0
DA:130,0
DA:132,0
DA:133,0
DA:134,0
DA:136,0
DA:137,0
DA:139,0
DA:140,0
DA:146,0
DA:148,0
DA:152,0
DA:154,0
DA:155,0
DA:158,0
DA:160,0
DA:161,0
DA:162,0
DA:164,0
DA:168,0
DA:172,0
DA:173,0
DA:174,0
DA:175,0
DA:178,0
DA:182,0
DA:183,0
DA:184,0
DA:185,0
DA:188,0
DA:192,0
DA:193,0
DA:194,0
DA:195,0
DA:196,0
DA:197,0
DA:199,0
DA:201,0
DA:202,0
DA:203,0
DA:205,0
DA:210,2
DA:213,0
DA:214,0
DA:215,0
DA:216,0
DA:218,0
DA:219,0
DA:221,0
DA:222,0
DA:223,0
DA:234,0
DA:235,0
DA:236,0
DA:239,0
DA:241,0
DA:243,0
DA:244,0
DA:245,0
DA:246,0
DA:247,0
DA:249,0
DA:252,0
DA:261,0
DA:262,0
DA:263,0
DA:267,0
DA:268,0
DA:269,0
DA:270,0
DA:272,0
DA:273,0
DA:274,0
DA:278,0
DA:280,0
DA:281,0
DA:285,0
DA:286,0
DA:287,0
DA:290,0
DA:291,0
DA:292,0
DA:295,0
DA:297,0
DA:298,0
DA:300,0
DA:306,0
DA:307,0
DA:308,0
DA:309,0
DA:313,0
DA:315,0
DA:331,0
DA:332,0
DA:335,0
DA:337,0
DA:345,0
DA:350,0
DA:351,0
DA:353,0
DA:354,0
DA:355,0
DA:357,0
DA:358,0
DA:359,0
DA:368,0
DA:369,0
DA:372,0
DA:375,0
DA:377,0
DA:378,0
DA:382,0
DA:383,0
DA:386,0
DA:390,0
DA:393,0
DA:396,0
DA:397,0
DA:398,0
DA:399,0
DA:400,0
DA:404,0
DA:405,0
DA:406,0
DA:410,0
DA:411,0
DA:415,0
DA:416,0
DA:417,0
DA:418,0
DA:419,0
DA:423,0
DA:424,0
DA:425,0
DA:429,2
DA:430,0
DA:431,0
DA:433,0
DA:434,0
DA:435,0
DA:438,0
DA:439,0
DA:440,0
DA:441,0
DA:443,0
DA:447,0
DA:451,0
DA:455,0
DA:456,0
DA:457,0
DA:458,0
DA:459,0
DA:460,0
DA:461,0
DA:462,0
DA:463,0
DA:464,0
DA:466,0
DA:467,0
DA:468,0
DA:469,0
DA:472,0
DA:473,0
DA:474,0
DA:476,0
DA:478,0
DA:482,0
DA:483,0
DA:485,0
DA:486,0
DA:493,2
DA:495,0
DA:496,0
DA:497,0
DA:500,2
DA:501,0
DA:503,0
DA:504,0
DA:506,0
DA:513,1
DA:514,1
DA:516,1
DA:518,1
DA:519,1
DA:520,1
DA:521,1
DA:522,1
DA:525,1
DA:527,1
DA:530,1
DA:531,1
DA:532,1
DA:534,0
DA:535,0
DA:537,1
DA:540,2
DA:541,0
DA:542,0
DA:545,2
DA:546,0
DA:547,0
DA:548,0
DA:551,3
DA:552,6
DA:553,12
DA:554,24
DA:555,16
DA:556,16
DA:557,16
DA:558,16
DA:559,8
DA:561,16
DA:562,8
DA:564,16
DA:565,8
DA:567,16
DA:568,8
DA:572,16
DA:573,15
DA:575,1
DA:578,16
DA:579,16
DA:580,16
DA:581,16
DA:582,16
DA:583,16
DA:585,16
DA:586,16
DA:587,16
DA:588,16
DA:590,16
DA:591,16
DA:592,16
DA:594,0
DA:595,0
DA:597,16
DA:598,16
DA:599,16
DA:600,16
DA:601,16
DA:602,16
DA:603,16
DA:604,16
DA:605,16
DA:608,32
DA:611,16
DA:612,16
DA:618,16
DA:619,16
DA:622,16
DA:623,16
DA:625,16
DA:626,16
DA:627,16
DA:628,16
DA:629,32
DA:630,16
DA:631,16
DA:634,16
DA:635,16
DA:636,16
DA:637,16
DA:638,16
DA:639,16
DA:641,0
DA:642,0
DA:645,16
DA:646,16
DA:657,2
DA:659,1
DA:666,1
DA:670,1
DA:672,1
DA:673,1
DA:675,1
DA:676,1
DA:677,1
DA:678,1
DA:679,2
DA:680,1
DA:681,1
DA:682,1
DA:683,1
DA:685,0
DA:687,1
DA:688,1
DA:689,1
DA:696,2
DA:697,1
DA:698,1
DA:699,1
DA:700,1
DA:701,1
DA:702,1
DA:703,1
LH:115
LF:336
end_of_record
SF:docmanager.lua
DA:3,1
DA:7,1
DA:9,2
DA:11,1
DA:12,5
DA:13,4
DA:15,1
DA:18,2
DA:19,0
DA:20,0
DA:21,0
DA:22,0
DA:23,0
DA:24,0
DA:26,0
DA:27,0
DA:28,0
DA:31,1
DA:35,0
DA:38,5
DA:39,4
DA:40,4
DA:41,4
DA:46,1
DA:48,1
DA:50,2
DA:51,0
DA:52,0
DA:53,0
DA:54,0
DA:55,0
DA:56,0
DA:58,0
DA:59,0
DA:60,0
DA:63,1
DA:73,1
DA:83,8
DA:84,7
DA:85,7
DA:86,7
DA:87,7
DA:88,7
LH:24
LF:43
end_of_record
SF:init.lua
DA:1,1
DA:2,0
DA:3,1
DA:5,1
DA:7,1
DA:8,1
DA:9,1
DA:10,1
DA:11,1
DA:12,1
DA:14,1
DA:15,1
LH:11
LF:12
end_of_record
SF:libraries.lua
DA:7,1
DA:10,2
DA:12,0
DA:13,0
DA:14,0
DA:15,0
LH:2
LF:6
end_of_record
SF:port_states.lua
DA:6,2
DA:7,0
DA:8,0
DA:9,0
DA:10,0
DA:12,0
DA:13,0
DA:14,0
DA:15,0
DA:16,0
DA:19,0
DA:20,0
DA:21,0
DA:22,0
DA:23,0
DA:26,0
DA:27,0
DA:29,0
DA:30,0
DA:31,0
DA:32,0
DA:33,0
DA:34,0
DA:37,1
DA:39,2
DA:41,0
DA:42,0
DA:43,0
DA:44,0
DA:45,0
DA:46,0
DA:48,0
DA:51,2
DA:52,0
DA:61,0
DA:62,0
DA:63,0
DA:64,0
DA:65,0
DA:70,0
DA:71,0
DA:73,0
DA:79,0
DA:80,0
DA:81,0
DA:82,0
DA:86,2
DA:87,0
DA:88,0
DA:89,0
DA:90,0
DA:91,0
DA:93,0
DA:103,0
DA:104,0
DA:105,0
DA:106,0
DA:107,0
DA:108,0
DA:109,0
DA:111,0
DA:113,0
DA:114,0
DA:115,0
DA:116,0
LH:5
LF:65
end_of_record
SF:ui.lua
DA:5,2
DA:6,0
DA:7,0
DA:8,0
DA:9,0
DA:10,0
DA:13,0
DA:14,0
DA:15,0
DA:16,0
DA:18,0
DA:19,0
DA:20,0
DA:21,0
DA:22,0
DA:23,0
DA:24,0
DA:26,0
DA:28,0
DA:29,0
DA:30,0
DA:31,0
DA:33,0
DA:34,0
DA:35,0
DA:36,0
DA:37,0
DA:38,0
DA:39,0
DA:41,0
DA:42,0
DA:44,0
DA:45,0
DA:48,0
DA:51,2
DA:52,0
DA:53,0
DA:54,0
DA:55,0
DA:57,0
DA:58,0
DA:59,0
DA:61,0
DA:62,0
DA:64,0
DA:65,0
DA:66,0
DA:67,0
DA:69,0
DA:70,0
DA:71,0
DA:73,0
DA:74,0
DA:75,0
DA:76,0
DA:77,0
DA:79,0
DA:80,0
DA:81,0
DA:82,0
DA:84,0
DA:85,0
DA:87,0
DA:88,0
DA:89,0
DA:90,0
DA:91,0
DA:94,0
DA:96,0
DA:97,0
DA:98,0
DA:99,0
DA:100,0
DA:102,0
DA:103,0
DA:104,0
DA:105,0
DA:106,0
DA:108,0
DA:109,0
DA:110,0
DA:111,0
DA:112,0
DA:113,0
LH:2
LF:84
end_of_record
